Arguments: 
  C:\Program Files\nodejs\node.exe C:\Users\GDavletkildin\AppData\Roaming\npm\node_modules\yarn\bin\yarn.js init

PATH: 
  C:\Users\GDavletkildin\bin;C:\Users\GDavletkildin\AppData\Local\Programs\Git\mingw64\bin;C:\Users\GDavletkildin\AppData\Local\Programs\Git\usr\local\bin;C:\Users\GDavletkildin\AppData\Local\Programs\Git\usr\bin;C:\Users\GDavletkildin\AppData\Local\Programs\Git\usr\bin;C:\Users\GDavletkildin\AppData\Local\Programs\Git\mingw64\bin;C:\Users\GDavletkildin\AppData\Local\Programs\Git\usr\bin;C:\Users\GDavletkildin\bin;C:\Program Files (x86)\Common Files\Oracle\Java\javapath;C:\windows\system32;C:\windows;C:\windows\System32\Wbem;C:\windows\System32\WindowsPowerShell\v1.0;C:\windows\System32\OpenSSH;C:\Program Files\nodejs;C:\Users\GDavletkildin\AppData\Local\Microsoft\WindowsApps;C:\Users\GDavletkildin\AppData\Local\JetBrains\WebStorm 2021.1.3\bin;C:\Users\GDavletkildin\AppData\Local\Programs\Git\cmd;C:\Users\GDavletkildin\AppData\Roaming\npm;C:\Users\GDavletkildin\AppData\Local\Programs\Microsoft VS Code\bin;C:\Users\GDavletkildin\AppData\Local\Programs\Git\usr\bin\vendor_perl;C:\Users\GDavletkildin\AppData\Local\Programs\Git\usr\bin\core_perl

Yarn version: 
  1.22.11

Node version: 
  14.17.3

Platform: 
  win32 x64

Trace: 
  Error: Can't answer a question unless a user TTY
      at ConsoleReporter.question (C:\Users\GDavletkildin\AppData\Roaming\npm\node_modules\yarn\lib\cli.js:96815:59)
      at Object.<anonymous> (C:\Users\GDavletkildin\AppData\Roaming\npm\node_modules\yarn\lib\cli.js:89088:38)
      at Generator.next (<anonymous>)
      at step (C:\Users\GDavletkildin\AppData\Roaming\npm\node_modules\yarn\lib\cli.js:310:30)
      at C:\Users\GDavletkildin\AppData\Roaming\npm\node_modules\yarn\lib\cli.js:321:13

npm manifest: 
  No manifest

yarn manifest: 
  No manifest

Lockfile: 
  No lockfile
